0 info it worked if it ends with ok
1 verbose cli [ '/usr/local/bin/node', '/usr/local/bin/npm', 'publish' ]
2 info using npm@1.4.29
3 info using node@v0.10.41
4 warn deprecated This version of npm lacks support for important features,
5 warn deprecated such as scoped packages, offered by the primary npm
6 warn deprecated registry. Consider upgrading to at least npm@2, if not the
7 warn deprecated latest stable version. To upgrade to npm@2, run:
8 warn deprecated npm -g install npm@latest-2
9 warn deprecated To upgrade to the latest stable version, run:
10 warn deprecated npm -g install npm@latest
11 warn deprecated (Depending on how Node.js was installed on your system, you
12 warn deprecated may need to prefix the preceding commands with `sudo`, or if
13 warn deprecated on Windows, run them from an Administrator prompt.)
14 warn deprecated If you're running the version of npm bundled with
15 warn deprecated Node.js 0.10 LTS, be aware that the next version of 0.10 LTS
16 warn deprecated will be bundled with a version of npm@2, which has some small
17 warn deprecated backwards-incompatible changes made to `npm run-script` and
18 warn deprecated semver behavior.
19 verbose publish [ '.' ]
20 verbose cache add [ '.', null ]
21 verbose cache add name=undefined spec="." args=[".",null]
22 verbose parsed url { protocol: null,
22 verbose parsed url   slashes: null,
22 verbose parsed url   auth: null,
22 verbose parsed url   host: null,
22 verbose parsed url   port: null,
22 verbose parsed url   hostname: null,
22 verbose parsed url   hash: null,
22 verbose parsed url   search: null,
22 verbose parsed url   query: null,
22 verbose parsed url   pathname: '.',
22 verbose parsed url   path: '.',
22 verbose parsed url   href: '.' }
23 silly lockFile 3a52ce78- .
24 verbose lock . /Users/no777/.npm/3a52ce78-.lock
25 silly lockFile 3a52ce78- .
26 silly lockFile 3a52ce78- .
27 error addLocal Could not install .
28 error Error: ENOENT, open 'package.json'
29 error If you need help, you may report this *entire* log,
29 error including the npm and node versions, at:
29 error     <http://github.com/npm/npm/issues>
30 error System Darwin 15.3.0
31 error command "/usr/local/bin/node" "/usr/local/bin/npm" "publish"
32 error cwd /Users/no777/Documents/devel/lycam+/lycam-thrift-amqp/sample
33 error node -v v0.10.41
34 error npm -v 1.4.29
35 error path package.json
36 error code ENOENT
37 error errno 34
38 verbose exit [ 34, true ]
